<?xml version="1.0" encoding="UTF-8"?>
<!-- Generated by org.testng.reporters.JUnitReportReporter -->
<testsuite skipped="0" hostname="LAPTOP-02EF66VJ" name="runner.samplerunner" tests="5" failures="0" timestamp="2023-03-14T19:51:15 IST" time="20.267" errors="0">
  <testcase name="runScenario" time="4.153" classname="runner.samplerunner"/>
  <system-out/>
  <testcase name="runScenario" time="5.369" classname="runner.samplerunner"/>
  <system-out/>
  <testcase name="runScenario" time="3.739" classname="runner.samplerunner"/>
  <system-out/>
  <testcase name="runScenario" time="4.696" classname="runner.samplerunner"/>
  <system-out/>
  <testcase name="runScenario" time="2.310" classname="runner.samplerunner"/>
  <system-out/>
</testsuite> <!-- runner.samplerunner -->
