<?xml version="1.0" encoding="UTF-8"?>
<!-- Generated by org.testng.reporters.JUnitReportReporter -->
<testsuite skipped="0" hostname="LAPTOP-02EF66VJ" name="runner.ProductStorePageRunner" tests="5" failures="0" timestamp="2023-03-15T11:38:01 IST" time="25.187" errors="0">
  <testcase name="runScenario" time="3.868" classname="runner.ProductStorePageRunner"/>
  <system-out/>
  <testcase name="runScenario" time="5.367" classname="runner.ProductStorePageRunner"/>
  <system-out/>
  <testcase name="runScenario" time="6.667" classname="runner.ProductStorePageRunner"/>
  <system-out/>
  <testcase name="runScenario" time="2.591" classname="runner.ProductStorePageRunner"/>
  <system-out/>
  <testcase name="runScenario" time="6.694" classname="runner.ProductStorePageRunner"/>
  <system-out/>
</testsuite> <!-- runner.ProductStorePageRunner -->
