<?xml version="1.0" encoding="UTF-8"?>
<!-- Generated by org.testng.reporters.JUnitReportReporter -->
<testsuite skipped="0" hostname="LAPTOP-02EF66VJ" name="runner.ProductStorePageRunner" tests="5" failures="0" timestamp="2023-03-15T14:16:59 IST" time="45.140" errors="0">
  <testcase name="runScenario" time="4.213" classname="runner.ProductStorePageRunner"/>
  <system-out/>
  <testcase name="runScenario" time="2.590" classname="runner.ProductStorePageRunner"/>
  <system-out/>
  <testcase name="runScenario" time="17.312" classname="runner.ProductStorePageRunner"/>
  <system-out/>
  <testcase name="runScenario" time="13.635" classname="runner.ProductStorePageRunner"/>
  <system-out/>
  <testcase name="runScenario" time="7.390" classname="runner.ProductStorePageRunner"/>
  <system-out/>
</testsuite> <!-- runner.ProductStorePageRunner -->
