<?xml version="1.0" encoding="UTF-8"?>
<!-- Generated by org.testng.reporters.JUnitReportReporter -->
<testsuite skipped="0" hostname="LAPTOP-02EF66VJ" name="runner.ProductStorePageRunner" tests="5" failures="0" timestamp="2023-03-15T11:29:15 IST" time="29.038" errors="0">
  <testcase name="runScenario" time="2.700" classname="runner.ProductStorePageRunner"/>
  <system-out/>
  <testcase name="runScenario" time="5.621" classname="runner.ProductStorePageRunner"/>
  <system-out/>
  <testcase name="runScenario" time="9.255" classname="runner.ProductStorePageRunner"/>
  <system-out/>
  <testcase name="runScenario" time="7.054" classname="runner.ProductStorePageRunner"/>
  <system-out/>
  <testcase name="runScenario" time="4.408" classname="runner.ProductStorePageRunner"/>
  <system-out/>
</testsuite> <!-- runner.ProductStorePageRunner -->
