<?xml version="1.0" encoding="UTF-8"?>
<!-- Generated by org.testng.reporters.JUnitReportReporter -->
<testsuite skipped="0" hostname="LAPTOP-02EF66VJ" name="runner.ProductStorePageRunner" tests="5" failures="0" timestamp="2023-03-15T11:39:58 IST" time="27.352" errors="0">
  <testcase name="runScenario" time="5.131" classname="runner.ProductStorePageRunner"/>
  <system-out/>
  <testcase name="runScenario" time="5.780" classname="runner.ProductStorePageRunner"/>
  <system-out/>
  <testcase name="runScenario" time="6.230" classname="runner.ProductStorePageRunner"/>
  <system-out/>
  <testcase name="runScenario" time="2.616" classname="runner.ProductStorePageRunner"/>
  <system-out/>
  <testcase name="runScenario" time="7.595" classname="runner.ProductStorePageRunner"/>
  <system-out/>
</testsuite> <!-- runner.ProductStorePageRunner -->
