<?xml version="1.0" encoding="UTF-8"?>
<!-- Generated by org.testng.reporters.JUnitReportReporter -->
<testsuite skipped="0" hostname="LAPTOP-02EF66VJ" name="runner.ProductStorePageRunner" tests="5" failures="0" timestamp="2023-03-14T20:47:18 IST" time="17.931" errors="0">
  <testcase name="runScenario" time="5.655" classname="runner.ProductStorePageRunner"/>
  <system-out/>
  <testcase name="runScenario" time="2.624" classname="runner.ProductStorePageRunner"/>
  <system-out/>
  <testcase name="runScenario" time="2.278" classname="runner.ProductStorePageRunner"/>
  <system-out/>
  <testcase name="runScenario" time="3.864" classname="runner.ProductStorePageRunner"/>
  <system-out/>
  <testcase name="runScenario" time="3.510" classname="runner.ProductStorePageRunner"/>
  <system-out/>
</testsuite> <!-- runner.ProductStorePageRunner -->
